    warning: unused alias Message
    │
  5 │   alias About.Chat.{Room, Participant, Message}
    │   ~
    │
    └─ lib/about_web/live/chat_live/index.ex:5:3

    warning: unused alias Participant
    │
  5 │   alias About.Chat.{Room, Participant, Message}
    │   ~
    │
    └─ lib/about_web/live/chat_live/index.ex:5:3

    warning: unused alias Room
    │
  5 │   alias About.Chat.{Room, Participant, Message}
    │   ~
    │
    └─ lib/about_web/live/chat_live/index.ex:5:3

    warning: unused alias Chat
    │
  4 │   alias About.Chat
    │   ~
    │
    └─ lib/about_web/live/chat_live/room.ex:4:3

    warning: unused alias Message
    │
  5 │   alias About.Chat.{Room, Participant, Message}
    │   ~
    │
    └─ lib/about_web/live/chat_live/room.ex:5:3

    warning: unused alias Participant
    │
  5 │   alias About.Chat.{Room, Participant, Message}
    │   ~
    │
    └─ lib/about_web/live/chat_live/room.ex:5:3

    warning: unused alias Room
    │
  5 │   alias About.Chat.{Room, Participant, Message}
    │   ~
    │
    └─ lib/about_web/live/chat_live/room.ex:5:3

[error] Running LiveDebugger.App.Web.Endpoint with Bandit 1.8.0 at http failed, port 4007 already in use
[notice] Application live_debugger exited: LiveDebugger.start(:normal, []) returned an error: shutdown: failed to start child: LiveDebugger.App.Web.Endpoint
    ** (EXIT) shutdown: failed to start child: {LiveDebugger.App.Web.Endpoint, :http}
        ** (EXIT) shutdown: failed to start child: :listener
            ** (EXIT) :eaddrinuse
[notice] Application phoenix_live_view exited: :stopped
[notice] Application tidewave exited: :stopped
[notice] Application phoenix_live_reload exited: :stopped
[notice] Application file_system exited: :stopped
[notice] Application phoenix exited: :stopped
[notice] Application phoenix_view exited: :stopped
[notice] Application websock_adapter exited: :stopped
[notice] Application bandit exited: :stopped
[notice] Application thousand_island exited: :stopped
[notice] Application websock exited: :stopped
[notice] Application phoenix_template exited: :stopped
[notice] Application phoenix_html exited: :stopped
[notice] Application phoenix_pubsub exited: :stopped
[notice] Application circular_buffer exited: :stopped
[notice] Application ash_paper_trail exited: :stopped
[notice] Application cloak exited: :stopped
[notice] Application ash_cloak exited: :stopped
[notice] Application ash exited: :stopped
[notice] Application stream_data exited: :stopped
[notice] Application reactor exited: :stopped
[notice] Application ymlr exited: :stopped
[notice] Application yaml_elixir exited: :stopped
[notice] Application yamerl exited: :stopped
[notice] Application iterex exited: :stopped
[notice] Application libgraph exited: :stopped
[notice] Application splode exited: :stopped
[notice] Application ets exited: :stopped
[notice] Application spark exited: :stopped
[notice] Application mnesia exited: :stopped
[notice] Application oban exited: :stopped
[notice] Application igniter exited: :stopped
[notice] Application owl exited: :stopped
[notice] Application phx_new exited: :stopped
[notice] Application req exited: :stopped
[notice] Application plug exited: :stopped
[notice] Application plug_crypto exited: :stopped
[notice] Application finch exited: :stopped
[notice] Application mime exited: :stopped
[notice] Application nimble_options exited: :stopped
[notice] Application nimble_pool exited: :stopped
[notice] Application mint exited: :stopped
[notice] Application hpax exited: :stopped
[notice] Application castore exited: :stopped
[notice] Application spitfire exited: :stopped
[notice] Application rewrite exited: :stopped
[notice] Application text_diff exited: :stopped
[notice] Application glob_ex exited: :stopped
[notice] Application ecto_sqlite3 exited: :stopped
[notice] Application exqlite exited: :stopped
[notice] Application ecto_sql exited: :stopped
[notice] Application postgrex exited: :stopped
[notice] Application db_connection exited: :stopped
[notice] Application ecto exited: :stopped
[notice] Application jason exited: :stopped
[notice] Application decimal exited: :stopped
[notice] Application telemetry exited: :stopped
[notice] Application eex exited: :stopped
[notice] Application sourceror exited: :stopped
[notice] Application picosat_elixir exited: :stopped
[notice] Application bcrypt_elixir exited: :stopped
[notice] Application comeonin exited: :stopped
[notice] Application runtime_tools exited: :stopped
** (Mix) Could not start application live_debugger: LiveDebugger.start(:normal, []) returned an error: shutdown: failed to start child: LiveDebugger.App.Web.Endpoint
    ** (EXIT) shutdown: failed to start child: {LiveDebugger.App.Web.Endpoint, :http}
        ** (EXIT) shutdown: failed to start child: :listener
            ** (EXIT) :eaddrinuse
